<?xml version="1.0" encoding="UTF-8"?>
<testsuite name="MatrixTest" tests="1" skipped="1" failures="0" errors="0" timestamp="2017-12-18T22:28:06" hostname="SSMDGSVRAD00007" time="0.001">
  <properties/>
  <testcase name="detTest" classname="MatrixTest" time="0.001">
    <skipped/>
  </testcase>
  <system-out><![CDATA[]]></system-out>
  <system-err><![CDATA[]]></system-err>
</testsuite>
